
**** Build of configuration Debug for project MicroProject ****

/Applications/ti/ccsv7/utils/bin/gmake -k -j 7 all -O 
Building file: ../main.c
Invoking: MSP430 Compiler
"/Applications/ti/ccsv7/tools/compiler/ti-cgt-msp430_16.9.4.LTS/bin/cl430" -vmspx --data_model=restricted --use_hw_mpy=F5 --include_path="/Applications/ti/ccsv7/ccs_base/msp430/include" --include_path="/Users/darpa/Documents/Development/MicroProject/MicroProject" --include_path="/Applications/ti/ccsv7/tools/compiler/ti-cgt-msp430_16.9.4.LTS/include" --advice:power="all" --define=__MSP430F5529__ -g --printf_support=full --diag_warning=225 --diag_wrap=off --display_error_number --silicon_errata=CPU21 --silicon_errata=CPU22 --silicon_errata=CPU23 --silicon_errata=CPU40 --preproc_with_compile --preproc_dependency="main.d_raw"  "../main.c"

>> Compilation failure
subdir_rules.mk:7: recipe for target 'main.obj' failed
"../main.c", line 9: warning #225-D: function "Integer" declared implicitly
"../main.c", line 48: error #20: identifier "i" is undefined
"../main.c", line 55: warning #994-D: missing return statement at end of non-void function "Integer"
"../main.c", line 25: remark #1532-D: (ULP 5.3) Detected printf() operation(s). Recommend moving them to RAM during run time or not using as these are processing/power intensive
"../main.c", line 28: remark #1532-D: (ULP 5.3) Detected printf() operation(s). Recommend moving them to RAM during run time or not using as these are processing/power intensive
"../main.c", line 36: remark #1532-D: (ULP 5.3) Detected printf() operation(s). Recommend moving them to RAM during run time or not using as these are processing/power intensive
"../main.c", line 37: remark #2553-D: (ULP 14.1) Array index (involving "c") of type "int". Recommend using "unsigned int"
"../main.c", line 40: remark #1532-D: (ULP 5.3) Detected printf() operation(s). Recommend moving them to RAM during run time or not using as these are processing/power intensive
"../main.c", line 41: remark #2553-D: (ULP 14.1) Array index (involving "c") of type "int". Recommend using "unsigned int"
"../main.c", line 46: remark #1532-D: (ULP 5.3) Detected printf() operation(s). Recommend moving them to RAM during run time or not using as these are processing/power intensive
"../main.c", line 47: remark #1532-D: (ULP 5.3) Detected printf() operation(s). Recommend moving them to RAM during run time or not using as these are processing/power intensive
"../main.c", line 48: remark #1532-D: (ULP 5.3) Detected printf() operation(s). Recommend moving them to RAM during run time or not using as these are processing/power intensive
"../main.c", line 37: remark #2553-D: (ULP 14.1) Array index (involving "c") of type "int". Recommend using "unsigned int"
"../main.c", line 41: remark #2553-D: (ULP 14.1) Array index (involving "c") of type "int". Recommend using "unsigned int"
1 error detected in the compilation of "../main.c".
gmake: *** [main.obj] Error 1
gmake: Target 'all' not remade because of errors.

**** Build Finished ****

**** Build of configuration Debug for project MicroProject ****

/Applications/ti/ccsv7/utils/bin/gmake -k -j 7 all -O 
Building file: ../main.c
Invoking: MSP430 Compiler
"/Applications/ti/ccsv7/tools/compiler/ti-cgt-msp430_16.9.4.LTS/bin/cl430" -vmspx --data_model=restricted --use_hw_mpy=F5 --include_path="/Applications/ti/ccsv7/ccs_base/msp430/include" --include_path="/Users/darpa/Documents/Development/MicroProject/MicroProject" --include_path="/Applications/ti/ccsv7/tools/compiler/ti-cgt-msp430_16.9.4.LTS/include" --advice:power="all" --define=__MSP430F5529__ -g --printf_support=full --diag_warning=225 --diag_wrap=off --display_error_number --silicon_errata=CPU21 --silicon_errata=CPU22 --silicon_errata=CPU23 --silicon_errata=CPU40 --preproc_with_compile --preproc_dependency="main.d_raw"  "../main.c"
"../main.c", line 9: warning #225-D: function "Integer" declared implicitly
"../main.c", line 55: warning #994-D: missing return statement at end of non-void function "Integer"
"../main.c", line 25: remark #1532-D: (ULP 5.3) Detected printf() operation(s). Recommend moving them to RAM during run time or not using as these are processing/power intensive
"../main.c", line 28: remark #1532-D: (ULP 5.3) Detected printf() operation(s). Recommend moving them to RAM during run time or not using as these are processing/power intensive
"../main.c", line 36: remark #1532-D: (ULP 5.3) Detected printf() operation(s). Recommend moving them to RAM during run time or not using as these are processing/power intensive
"../main.c", line 37: remark #2553-D: (ULP 14.1) Array index (involving "c") of type "int". Recommend using "unsigned int"
"../main.c", line 40: remark #1532-D: (ULP 5.3) Detected printf() operation(s). Recommend moving them to RAM during run time or not using as these are processing/power intensive
"../main.c", line 41: remark #2553-D: (ULP 14.1) Array index (involving "c") of type "int". Recommend using "unsigned int"
"../main.c", line 46: remark #1532-D: (ULP 5.3) Detected printf() operation(s). Recommend moving them to RAM during run time or not using as these are processing/power intensive
"../main.c", line 47: remark #1532-D: (ULP 5.3) Detected printf() operation(s). Recommend moving them to RAM during run time or not using as these are processing/power intensive
"../main.c", line 48: remark #1532-D: (ULP 5.3) Detected printf() operation(s). Recommend moving them to RAM during run time or not using as these are processing/power intensive
Finished building: ../main.c
 
Building target: MicroProject.out
Invoking: MSP430 Linker
"/Applications/ti/ccsv7/tools/compiler/ti-cgt-msp430_16.9.4.LTS/bin/cl430" -vmspx --data_model=restricted --use_hw_mpy=F5 --advice:power="all" --define=__MSP430F5529__ -g --printf_support=full --diag_warning=225 --diag_wrap=off --display_error_number --silicon_errata=CPU21 --silicon_errata=CPU22 --silicon_errata=CPU23 --silicon_errata=CPU40 -z -m"MicroProject.map" --heap_size=500 --stack_size=500 --cinit_hold_wdt=on -i"/Applications/ti/ccsv7/ccs_base/msp430/include" -i"/Applications/ti/ccsv7/ccs_base/msp430/lib/5xx_6xx_FRxx" -i"/Applications/ti/ccsv7/tools/compiler/ti-cgt-msp430_16.9.4.LTS/lib" -i"/Applications/ti/ccsv7/tools/compiler/ti-cgt-msp430_16.9.4.LTS/include" --reread_libs --diag_wrap=off --display_error_number --warn_sections --xml_link_info="MicroProject_linkInfo.xml" --use_hw_mpy=F5 --rom_model -o "MicroProject.out" "./main.obj" "../lnk_msp430f5529.cmd"  -llibmath.a -llibc.a 
<Linking>
remark #10371-D: (ULP 1.1) Detected no uses of low power mode state changing instructions
remark #10372-D: (ULP 4.1) Detected uninitialized Port A in this project. Recommend initializing all unused ports to eliminate wasted current consumption on unused pins.
remark #10372-D: (ULP 4.1) Detected uninitialized Port B in this project. Recommend initializing all unused ports to eliminate wasted current consumption on unused pins.
remark #10372-D: (ULP 4.1) Detected uninitialized Port C in this project. Recommend initializing all unused ports to eliminate wasted current consumption on unused pins.
remark #10372-D: (ULP 4.1) Detected uninitialized Port D in this project. Recommend initializing all unused ports to eliminate wasted current consumption on unused pins.
Finished building target: MicroProject.out
 

**** Build Finished ****

**** Build of configuration Debug for project MicroProject ****

/Applications/ti/ccsv7/utils/bin/gmake -k -j 7 all -O 
Building file: ../main.c
Invoking: MSP430 Compiler
"/Applications/ti/ccsv7/tools/compiler/ti-cgt-msp430_16.9.4.LTS/bin/cl430" -vmspx --data_model=restricted --use_hw_mpy=F5 --include_path="/Applications/ti/ccsv7/ccs_base/msp430/include" --include_path="/Users/darpa/Documents/Development/MicroProject/MicroProject" --include_path="/Applications/ti/ccsv7/tools/compiler/ti-cgt-msp430_16.9.4.LTS/include" --advice:power="all" --define=__MSP430F5529__ -g --printf_support=full --diag_warning=225 --diag_wrap=off --display_error_number --silicon_errata=CPU21 --silicon_errata=CPU22 --silicon_errata=CPU23 --silicon_errata=CPU40 --preproc_with_compile --preproc_dependency="main.d_raw"  "../main.c"
"../main.c", line 9: warning #225-D: function "Integer" declared implicitly
"../main.c", line 55: warning #994-D: missing return statement at end of non-void function "Integer"
"../main.c", line 25: remark #1532-D: (ULP 5.3) Detected printf() operation(s). Recommend moving them to RAM during run time or not using as these are processing/power intensive
"../main.c", line 28: remark #1532-D: (ULP 5.3) Detected printf() operation(s). Recommend moving them to RAM during run time or not using as these are processing/power intensive
"../main.c", line 36: remark #1532-D: (ULP 5.3) Detected printf() operation(s). Recommend moving them to RAM during run time or not using as these are processing/power intensive
"../main.c", line 37: remark #2553-D: (ULP 14.1) Array index (involving "c") of type "int". Recommend using "unsigned int"
"../main.c", line 40: remark #1532-D: (ULP 5.3) Detected printf() operation(s). Recommend moving them to RAM during run time or not using as these are processing/power intensive
"../main.c", line 41: remark #2553-D: (ULP 14.1) Array index (involving "c") of type "int". Recommend using "unsigned int"
"../main.c", line 46: remark #1532-D: (ULP 5.3) Detected printf() operation(s). Recommend moving them to RAM during run time or not using as these are processing/power intensive
"../main.c", line 47: remark #1532-D: (ULP 5.3) Detected printf() operation(s). Recommend moving them to RAM during run time or not using as these are processing/power intensive
"../main.c", line 47: remark #2553-D: (ULP 14.1) Array index (involving "c") of type "int". Recommend using "unsigned int"
"../main.c", line 48: remark #1532-D: (ULP 5.3) Detected printf() operation(s). Recommend moving them to RAM during run time or not using as these are processing/power intensive
Finished building: ../main.c
 
Building target: MicroProject.out
Invoking: MSP430 Linker
"/Applications/ti/ccsv7/tools/compiler/ti-cgt-msp430_16.9.4.LTS/bin/cl430" -vmspx --data_model=restricted --use_hw_mpy=F5 --advice:power="all" --define=__MSP430F5529__ -g --printf_support=full --diag_warning=225 --diag_wrap=off --display_error_number --silicon_errata=CPU21 --silicon_errata=CPU22 --silicon_errata=CPU23 --silicon_errata=CPU40 -z -m"MicroProject.map" --heap_size=500 --stack_size=500 --cinit_hold_wdt=on -i"/Applications/ti/ccsv7/ccs_base/msp430/include" -i"/Applications/ti/ccsv7/ccs_base/msp430/lib/5xx_6xx_FRxx" -i"/Applications/ti/ccsv7/tools/compiler/ti-cgt-msp430_16.9.4.LTS/lib" -i"/Applications/ti/ccsv7/tools/compiler/ti-cgt-msp430_16.9.4.LTS/include" --reread_libs --diag_wrap=off --display_error_number --warn_sections --xml_link_info="MicroProject_linkInfo.xml" --use_hw_mpy=F5 --rom_model -o "MicroProject.out" "./main.obj" "../lnk_msp430f5529.cmd"  -llibmath.a -llibc.a 
<Linking>
remark #10371-D: (ULP 1.1) Detected no uses of low power mode state changing instructions
remark #10372-D: (ULP 4.1) Detected uninitialized Port A in this project. Recommend initializing all unused ports to eliminate wasted current consumption on unused pins.
remark #10372-D: (ULP 4.1) Detected uninitialized Port B in this project. Recommend initializing all unused ports to eliminate wasted current consumption on unused pins.
remark #10372-D: (ULP 4.1) Detected uninitialized Port C in this project. Recommend initializing all unused ports to eliminate wasted current consumption on unused pins.
remark #10372-D: (ULP 4.1) Detected uninitialized Port D in this project. Recommend initializing all unused ports to eliminate wasted current consumption on unused pins.
Finished building target: MicroProject.out
 

**** Build Finished ****

**** Build of configuration Debug for project MicroProject ****

/Applications/ti/ccsv7/utils/bin/gmake -k -j 7 all -O 
Building file: ../main.c
Invoking: MSP430 Compiler
"/Applications/ti/ccsv7/tools/compiler/ti-cgt-msp430_16.9.4.LTS/bin/cl430" -vmspx --data_model=restricted --use_hw_mpy=F5 --include_path="/Applications/ti/ccsv7/ccs_base/msp430/include" --include_path="/Users/darpa/Documents/Development/MicroProject/MicroProject" --include_path="/Applications/ti/ccsv7/tools/compiler/ti-cgt-msp430_16.9.4.LTS/include" --advice:power="all" --define=__MSP430F5529__ -g --printf_support=full --diag_warning=225 --diag_wrap=off --display_error_number --silicon_errata=CPU21 --silicon_errata=CPU22 --silicon_errata=CPU23 --silicon_errata=CPU40 --preproc_with_compile --preproc_dependency="main.d_raw"  "../main.c"
"../main.c", line 9: warning #225-D: function "Integer" declared implicitly
"../main.c", line 55: warning #994-D: missing return statement at end of non-void function "Integer"
"../main.c", line 22: warning #552-D: variable "arr" was set but never used
"../main.c", line 25: remark #1532-D: (ULP 5.3) Detected printf() operation(s). Recommend moving them to RAM during run time or not using as these are processing/power intensive
"../main.c", line 28: remark #1532-D: (ULP 5.3) Detected printf() operation(s). Recommend moving them to RAM during run time or not using as these are processing/power intensive
"../main.c", line 36: remark #1532-D: (ULP 5.3) Detected printf() operation(s). Recommend moving them to RAM during run time or not using as these are processing/power intensive
"../main.c", line 37: remark #2553-D: (ULP 14.1) Array index (involving "c") of type "int". Recommend using "unsigned int"
"../main.c", line 40: remark #1532-D: (ULP 5.3) Detected printf() operation(s). Recommend moving them to RAM during run time or not using as these are processing/power intensive
"../main.c", line 41: remark #2553-D: (ULP 14.1) Array index (involving "c") of type "int". Recommend using "unsigned int"
"../main.c", line 46: remark #1532-D: (ULP 5.3) Detected printf() operation(s). Recommend moving them to RAM during run time or not using as these are processing/power intensive
"../main.c", line 48: remark #1532-D: (ULP 5.3) Detected printf() operation(s). Recommend moving them to RAM during run time or not using as these are processing/power intensive
Finished building: ../main.c
 
Building target: MicroProject.out
Invoking: MSP430 Linker
"/Applications/ti/ccsv7/tools/compiler/ti-cgt-msp430_16.9.4.LTS/bin/cl430" -vmspx --data_model=restricted --use_hw_mpy=F5 --advice:power="all" --define=__MSP430F5529__ -g --printf_support=full --diag_warning=225 --diag_wrap=off --display_error_number --silicon_errata=CPU21 --silicon_errata=CPU22 --silicon_errata=CPU23 --silicon_errata=CPU40 -z -m"MicroProject.map" --heap_size=500 --stack_size=500 --cinit_hold_wdt=on -i"/Applications/ti/ccsv7/ccs_base/msp430/include" -i"/Applications/ti/ccsv7/ccs_base/msp430/lib/5xx_6xx_FRxx" -i"/Applications/ti/ccsv7/tools/compiler/ti-cgt-msp430_16.9.4.LTS/lib" -i"/Applications/ti/ccsv7/tools/compiler/ti-cgt-msp430_16.9.4.LTS/include" --reread_libs --diag_wrap=off --display_error_number --warn_sections --xml_link_info="MicroProject_linkInfo.xml" --use_hw_mpy=F5 --rom_model -o "MicroProject.out" "./main.obj" "../lnk_msp430f5529.cmd"  -llibmath.a -llibc.a 
<Linking>
remark #10371-D: (ULP 1.1) Detected no uses of low power mode state changing instructions
remark #10372-D: (ULP 4.1) Detected uninitialized Port A in this project. Recommend initializing all unused ports to eliminate wasted current consumption on unused pins.
remark #10372-D: (ULP 4.1) Detected uninitialized Port B in this project. Recommend initializing all unused ports to eliminate wasted current consumption on unused pins.
remark #10372-D: (ULP 4.1) Detected uninitialized Port C in this project. Recommend initializing all unused ports to eliminate wasted current consumption on unused pins.
remark #10372-D: (ULP 4.1) Detected uninitialized Port D in this project. Recommend initializing all unused ports to eliminate wasted current consumption on unused pins.
Finished building target: MicroProject.out
 

**** Build Finished ****

**** Build of configuration Debug for project MicroProject ****

/Applications/ti/ccsv7/utils/bin/gmake -k -j 7 all -O 
Building file: ../main.c
Invoking: MSP430 Compiler
"/Applications/ti/ccsv7/tools/compiler/ti-cgt-msp430_16.9.4.LTS/bin/cl430" -vmspx --data_model=restricted --use_hw_mpy=F5 --include_path="/Applications/ti/ccsv7/ccs_base/msp430/include" --include_path="/Users/darpa/Documents/Development/MicroProject/MicroProject" --include_path="/Applications/ti/ccsv7/tools/compiler/ti-cgt-msp430_16.9.4.LTS/include" --advice:power="all" --define=__MSP430F5529__ -g --printf_support=full --diag_warning=225 --diag_wrap=off --display_error_number --silicon_errata=CPU21 --silicon_errata=CPU22 --silicon_errata=CPU23 --silicon_errata=CPU40 --preproc_with_compile --preproc_dependency="main.d_raw"  "../main.c"
"../main.c", line 9: warning #225-D: function "Integer" declared implicitly
"../main.c", line 54: warning #994-D: missing return statement at end of non-void function "Integer"
"../main.c", line 25: remark #1532-D: (ULP 5.3) Detected printf() operation(s). Recommend moving them to RAM during run time or not using as these are processing/power intensive
"../main.c", line 28: remark #1532-D: (ULP 5.3) Detected printf() operation(s). Recommend moving them to RAM during run time or not using as these are processing/power intensive
"../main.c", line 36: remark #1532-D: (ULP 5.3) Detected printf() operation(s). Recommend moving them to RAM during run time or not using as these are processing/power intensive
"../main.c", line 37: remark #2553-D: (ULP 14.1) Array index (involving "c") of type "int". Recommend using "unsigned int"
"../main.c", line 40: remark #1532-D: (ULP 5.3) Detected printf() operation(s). Recommend moving them to RAM during run time or not using as these are processing/power intensive
"../main.c", line 41: remark #2553-D: (ULP 14.1) Array index (involving "c") of type "int". Recommend using "unsigned int"
"../main.c", line 46: remark #1532-D: (ULP 5.3) Detected printf() operation(s). Recommend moving them to RAM during run time or not using as these are processing/power intensive
"../main.c", line 47: remark #1532-D: (ULP 5.3) Detected printf() operation(s). Recommend moving them to RAM during run time or not using as these are processing/power intensive
"../main.c", line 37: remark #2553-D: (ULP 14.1) Array index (involving "c") of type "int". Recommend using "unsigned int"
"../main.c", line 41: remark #2553-D: (ULP 14.1) Array index (involving "c") of type "int". Recommend using "unsigned int"
Finished building: ../main.c
 
Building target: MicroProject.out
Invoking: MSP430 Linker
"/Applications/ti/ccsv7/tools/compiler/ti-cgt-msp430_16.9.4.LTS/bin/cl430" -vmspx --data_model=restricted --use_hw_mpy=F5 --advice:power="all" --define=__MSP430F5529__ -g --printf_support=full --diag_warning=225 --diag_wrap=off --display_error_number --silicon_errata=CPU21 --silicon_errata=CPU22 --silicon_errata=CPU23 --silicon_errata=CPU40 -z -m"MicroProject.map" --heap_size=500 --stack_size=500 --cinit_hold_wdt=on -i"/Applications/ti/ccsv7/ccs_base/msp430/include" -i"/Applications/ti/ccsv7/ccs_base/msp430/lib/5xx_6xx_FRxx" -i"/Applications/ti/ccsv7/tools/compiler/ti-cgt-msp430_16.9.4.LTS/lib" -i"/Applications/ti/ccsv7/tools/compiler/ti-cgt-msp430_16.9.4.LTS/include" --reread_libs --diag_wrap=off --display_error_number --warn_sections --xml_link_info="MicroProject_linkInfo.xml" --use_hw_mpy=F5 --rom_model -o "MicroProject.out" "./main.obj" "../lnk_msp430f5529.cmd"  -llibmath.a -llibc.a 
<Linking>
remark #10371-D: (ULP 1.1) Detected no uses of low power mode state changing instructions
remark #10372-D: (ULP 4.1) Detected uninitialized Port A in this project. Recommend initializing all unused ports to eliminate wasted current consumption on unused pins.
remark #10372-D: (ULP 4.1) Detected uninitialized Port B in this project. Recommend initializing all unused ports to eliminate wasted current consumption on unused pins.
remark #10372-D: (ULP 4.1) Detected uninitialized Port C in this project. Recommend initializing all unused ports to eliminate wasted current consumption on unused pins.
remark #10372-D: (ULP 4.1) Detected uninitialized Port D in this project. Recommend initializing all unused ports to eliminate wasted current consumption on unused pins.
Finished building target: MicroProject.out
 

**** Build Finished ****

**** Build of configuration Debug for project MicroProject ****

/Applications/ti/ccsv7/utils/bin/gmake -k -j 7 all -O 
Building file: ../main.c
Invoking: MSP430 Compiler
"/Applications/ti/ccsv7/tools/compiler/ti-cgt-msp430_16.9.4.LTS/bin/cl430" -vmspx --data_model=restricted --use_hw_mpy=F5 --include_path="/Applications/ti/ccsv7/ccs_base/msp430/include" --include_path="/Users/darpa/Documents/Development/MicroProject/MicroProject" --include_path="/Applications/ti/ccsv7/tools/compiler/ti-cgt-msp430_16.9.4.LTS/include" --advice:power="all" --define=__MSP430F5529__ -g --printf_support=full --diag_warning=225 --diag_wrap=off --display_error_number --silicon_errata=CPU21 --silicon_errata=CPU22 --silicon_errata=CPU23 --silicon_errata=CPU40 --preproc_with_compile --preproc_dependency="main.d_raw"  "../main.c"
"../main.c", line 9: warning #225-D: function "Integer" declared implicitly
"../main.c", line 54: warning #994-D: missing return statement at end of non-void function "Integer"
"../main.c", line 25: remark #1532-D: (ULP 5.3) Detected printf() operation(s). Recommend moving them to RAM during run time or not using as these are processing/power intensive
"../main.c", line 28: remark #1532-D: (ULP 5.3) Detected printf() operation(s). Recommend moving them to RAM during run time or not using as these are processing/power intensive
"../main.c", line 36: remark #1532-D: (ULP 5.3) Detected printf() operation(s). Recommend moving them to RAM during run time or not using as these are processing/power intensive
"../main.c", line 40: remark #1532-D: (ULP 5.3) Detected printf() operation(s). Recommend moving them to RAM during run time or not using as these are processing/power intensive
"../main.c", line 46: remark #1532-D: (ULP 5.3) Detected printf() operation(s). Recommend moving them to RAM during run time or not using as these are processing/power intensive
"../main.c", line 47: remark #1532-D: (ULP 5.3) Detected printf() operation(s). Recommend moving them to RAM during run time or not using as these are processing/power intensive
Finished building: ../main.c
 
Building target: MicroProject.out
Invoking: MSP430 Linker
"/Applications/ti/ccsv7/tools/compiler/ti-cgt-msp430_16.9.4.LTS/bin/cl430" -vmspx --data_model=restricted --use_hw_mpy=F5 --advice:power="all" --define=__MSP430F5529__ -g --printf_support=full --diag_warning=225 --diag_wrap=off --display_error_number --silicon_errata=CPU21 --silicon_errata=CPU22 --silicon_errata=CPU23 --silicon_errata=CPU40 -z -m"MicroProject.map" --heap_size=500 --stack_size=500 --cinit_hold_wdt=on -i"/Applications/ti/ccsv7/ccs_base/msp430/include" -i"/Applications/ti/ccsv7/ccs_base/msp430/lib/5xx_6xx_FRxx" -i"/Applications/ti/ccsv7/tools/compiler/ti-cgt-msp430_16.9.4.LTS/lib" -i"/Applications/ti/ccsv7/tools/compiler/ti-cgt-msp430_16.9.4.LTS/include" --reread_libs --diag_wrap=off --display_error_number --warn_sections --xml_link_info="MicroProject_linkInfo.xml" --use_hw_mpy=F5 --rom_model -o "MicroProject.out" "./main.obj" "../lnk_msp430f5529.cmd"  -llibmath.a -llibc.a 
<Linking>
remark #10371-D: (ULP 1.1) Detected no uses of low power mode state changing instructions
remark #10372-D: (ULP 4.1) Detected uninitialized Port A in this project. Recommend initializing all unused ports to eliminate wasted current consumption on unused pins.
remark #10372-D: (ULP 4.1) Detected uninitialized Port B in this project. Recommend initializing all unused ports to eliminate wasted current consumption on unused pins.
remark #10372-D: (ULP 4.1) Detected uninitialized Port C in this project. Recommend initializing all unused ports to eliminate wasted current consumption on unused pins.
remark #10372-D: (ULP 4.1) Detected uninitialized Port D in this project. Recommend initializing all unused ports to eliminate wasted current consumption on unused pins.
Finished building target: MicroProject.out
 

**** Build Finished ****

**** Build of configuration Debug for project MicroProject ****

/Applications/ti/ccsv7/utils/bin/gmake -k -j 7 all -O 
Building file: ../main.c
Invoking: MSP430 Compiler
"/Applications/ti/ccsv7/tools/compiler/ti-cgt-msp430_16.9.4.LTS/bin/cl430" -vmspx --data_model=restricted --use_hw_mpy=F5 --include_path="/Applications/ti/ccsv7/ccs_base/msp430/include" --include_path="/Users/darpa/Documents/Development/MicroProject/MicroProject" --include_path="/Applications/ti/ccsv7/tools/compiler/ti-cgt-msp430_16.9.4.LTS/include" --advice:power="all" --define=__MSP430F5529__ -g --printf_support=full --diag_warning=225 --diag_wrap=off --display_error_number --silicon_errata=CPU21 --silicon_errata=CPU22 --silicon_errata=CPU23 --silicon_errata=CPU40 --preproc_with_compile --preproc_dependency="main.d_raw"  "../main.c"
"../main.c", line 9: warning #225-D: function "Integer" declared implicitly
"../main.c", line 54: warning #994-D: missing return statement at end of non-void function "Integer"
"../main.c", line 25: remark #1532-D: (ULP 5.3) Detected printf() operation(s). Recommend moving them to RAM during run time or not using as these are processing/power intensive
"../main.c", line 28: remark #1532-D: (ULP 5.3) Detected printf() operation(s). Recommend moving them to RAM during run time or not using as these are processing/power intensive
"../main.c", line 36: remark #1532-D: (ULP 5.3) Detected printf() operation(s). Recommend moving them to RAM during run time or not using as these are processing/power intensive
"../main.c", line 37: remark #2553-D: (ULP 14.1) Array index (involving "c") of type "int". Recommend using "unsigned int"
"../main.c", line 40: remark #1532-D: (ULP 5.3) Detected printf() operation(s). Recommend moving them to RAM during run time or not using as these are processing/power intensive
"../main.c", line 41: remark #2553-D: (ULP 14.1) Array index (involving "c") of type "int". Recommend using "unsigned int"
"../main.c", line 46: remark #1532-D: (ULP 5.3) Detected printf() operation(s). Recommend moving them to RAM during run time or not using as these are processing/power intensive
"../main.c", line 47: remark #1532-D: (ULP 5.3) Detected printf() operation(s). Recommend moving them to RAM during run time or not using as these are processing/power intensive
"../main.c", line 37: remark #2553-D: (ULP 14.1) Array index (involving "c") of type "int". Recommend using "unsigned int"
"../main.c", line 41: remark #2553-D: (ULP 14.1) Array index (involving "c") of type "int". Recommend using "unsigned int"
Finished building: ../main.c
 
Building target: MicroProject.out
Invoking: MSP430 Linker
"/Applications/ti/ccsv7/tools/compiler/ti-cgt-msp430_16.9.4.LTS/bin/cl430" -vmspx --data_model=restricted --use_hw_mpy=F5 --advice:power="all" --define=__MSP430F5529__ -g --printf_support=full --diag_warning=225 --diag_wrap=off --display_error_number --silicon_errata=CPU21 --silicon_errata=CPU22 --silicon_errata=CPU23 --silicon_errata=CPU40 -z -m"MicroProject.map" --heap_size=500 --stack_size=500 --cinit_hold_wdt=on -i"/Applications/ti/ccsv7/ccs_base/msp430/include" -i"/Applications/ti/ccsv7/ccs_base/msp430/lib/5xx_6xx_FRxx" -i"/Applications/ti/ccsv7/tools/compiler/ti-cgt-msp430_16.9.4.LTS/lib" -i"/Applications/ti/ccsv7/tools/compiler/ti-cgt-msp430_16.9.4.LTS/include" --reread_libs --diag_wrap=off --display_error_number --warn_sections --xml_link_info="MicroProject_linkInfo.xml" --use_hw_mpy=F5 --rom_model -o "MicroProject.out" "./main.obj" "../lnk_msp430f5529.cmd"  -llibmath.a -llibc.a 
<Linking>
remark #10371-D: (ULP 1.1) Detected no uses of low power mode state changing instructions
remark #10372-D: (ULP 4.1) Detected uninitialized Port A in this project. Recommend initializing all unused ports to eliminate wasted current consumption on unused pins.
remark #10372-D: (ULP 4.1) Detected uninitialized Port B in this project. Recommend initializing all unused ports to eliminate wasted current consumption on unused pins.
remark #10372-D: (ULP 4.1) Detected uninitialized Port C in this project. Recommend initializing all unused ports to eliminate wasted current consumption on unused pins.
remark #10372-D: (ULP 4.1) Detected uninitialized Port D in this project. Recommend initializing all unused ports to eliminate wasted current consumption on unused pins.
Finished building target: MicroProject.out
 

**** Build Finished ****

**** Build of configuration Debug for project MicroProject ****

/Applications/ti/ccsv7/utils/bin/gmake -k -j 7 all -O 
Building file: ../main.c
Invoking: MSP430 Compiler
"/Applications/ti/ccsv7/tools/compiler/ti-cgt-msp430_16.9.4.LTS/bin/cl430" -vmspx --data_model=restricted --use_hw_mpy=F5 --include_path="/Applications/ti/ccsv7/ccs_base/msp430/include" --include_path="/Users/darpa/Documents/Development/MicroProject/MicroProject" --include_path="/Applications/ti/ccsv7/tools/compiler/ti-cgt-msp430_16.9.4.LTS/include" --advice:power="all" --define=__MSP430F5529__ -g --printf_support=full --diag_warning=225 --diag_wrap=off --display_error_number --silicon_errata=CPU21 --silicon_errata=CPU22 --silicon_errata=CPU23 --silicon_errata=CPU40 --preproc_with_compile --preproc_dependency="main.d_raw"  "../main.c"
"../main.c", line 9: warning #225-D: function "Integer" declared implicitly
"../main.c", line 54: warning #994-D: missing return statement at end of non-void function "Integer"
"../main.c", line 25: remark #1532-D: (ULP 5.3) Detected printf() operation(s). Recommend moving them to RAM during run time or not using as these are processing/power intensive
"../main.c", line 28: remark #1532-D: (ULP 5.3) Detected printf() operation(s). Recommend moving them to RAM during run time or not using as these are processing/power intensive
"../main.c", line 36: remark #1532-D: (ULP 5.3) Detected printf() operation(s). Recommend moving them to RAM during run time or not using as these are processing/power intensive
"../main.c", line 37: remark #2553-D: (ULP 14.1) Array index (involving "c") of type "int". Recommend using "unsigned int"
"../main.c", line 40: remark #1532-D: (ULP 5.3) Detected printf() operation(s). Recommend moving them to RAM during run time or not using as these are processing/power intensive
"../main.c", line 41: remark #2553-D: (ULP 14.1) Array index (involving "c") of type "int". Recommend using "unsigned int"
"../main.c", line 46: remark #1532-D: (ULP 5.3) Detected printf() operation(s). Recommend moving them to RAM during run time or not using as these are processing/power intensive
"../main.c", line 47: remark #1532-D: (ULP 5.3) Detected printf() operation(s). Recommend moving them to RAM during run time or not using as these are processing/power intensive
"../main.c", line 37: remark #2553-D: (ULP 14.1) Array index (involving "c") of type "int". Recommend using "unsigned int"
"../main.c", line 41: remark #2553-D: (ULP 14.1) Array index (involving "c") of type "int". Recommend using "unsigned int"
Finished building: ../main.c
 
Building target: MicroProject.out
Invoking: MSP430 Linker
"/Applications/ti/ccsv7/tools/compiler/ti-cgt-msp430_16.9.4.LTS/bin/cl430" -vmspx --data_model=restricted --use_hw_mpy=F5 --advice:power="all" --define=__MSP430F5529__ -g --printf_support=full --diag_warning=225 --diag_wrap=off --display_error_number --silicon_errata=CPU21 --silicon_errata=CPU22 --silicon_errata=CPU23 --silicon_errata=CPU40 -z -m"MicroProject.map" --heap_size=500 --stack_size=500 --cinit_hold_wdt=on -i"/Applications/ti/ccsv7/ccs_base/msp430/include" -i"/Applications/ti/ccsv7/ccs_base/msp430/lib/5xx_6xx_FRxx" -i"/Applications/ti/ccsv7/tools/compiler/ti-cgt-msp430_16.9.4.LTS/lib" -i"/Applications/ti/ccsv7/tools/compiler/ti-cgt-msp430_16.9.4.LTS/include" --reread_libs --diag_wrap=off --display_error_number --warn_sections --xml_link_info="MicroProject_linkInfo.xml" --use_hw_mpy=F5 --rom_model -o "MicroProject.out" "./main.obj" "../lnk_msp430f5529.cmd"  -llibmath.a -llibc.a 
<Linking>
remark #10371-D: (ULP 1.1) Detected no uses of low power mode state changing instructions
remark #10372-D: (ULP 4.1) Detected uninitialized Port A in this project. Recommend initializing all unused ports to eliminate wasted current consumption on unused pins.
remark #10372-D: (ULP 4.1) Detected uninitialized Port B in this project. Recommend initializing all unused ports to eliminate wasted current consumption on unused pins.
remark #10372-D: (ULP 4.1) Detected uninitialized Port C in this project. Recommend initializing all unused ports to eliminate wasted current consumption on unused pins.
remark #10372-D: (ULP 4.1) Detected uninitialized Port D in this project. Recommend initializing all unused ports to eliminate wasted current consumption on unused pins.
Finished building target: MicroProject.out
 

**** Build Finished ****

**** Build of configuration Debug for project MicroProject ****

/Applications/ti/ccsv7/utils/bin/gmake -k -j 7 all -O 
Building file: ../main.c
Invoking: MSP430 Compiler
"/Applications/ti/ccsv7/tools/compiler/ti-cgt-msp430_16.9.4.LTS/bin/cl430" -vmspx --data_model=restricted --use_hw_mpy=F5 --include_path="/Applications/ti/ccsv7/ccs_base/msp430/include" --include_path="/Users/darpa/Documents/Development/MicroProject/MicroProject" --include_path="/Applications/ti/ccsv7/tools/compiler/ti-cgt-msp430_16.9.4.LTS/include" --advice:power="all" --define=__MSP430F5529__ -g --printf_support=full --diag_warning=225 --diag_wrap=off --display_error_number --silicon_errata=CPU21 --silicon_errata=CPU22 --silicon_errata=CPU23 --silicon_errata=CPU40 --preproc_with_compile --preproc_dependency="main.d_raw"  "../main.c"
"../main.c", line 9: warning #225-D: function "Integer" declared implicitly
"../main.c", line 54: warning #994-D: missing return statement at end of non-void function "Integer"
"../main.c", line 25: remark #1532-D: (ULP 5.3) Detected printf() operation(s). Recommend moving them to RAM during run time or not using as these are processing/power intensive
"../main.c", line 28: remark #1532-D: (ULP 5.3) Detected printf() operation(s). Recommend moving them to RAM during run time or not using as these are processing/power intensive
"../main.c", line 36: remark #1532-D: (ULP 5.3) Detected printf() operation(s). Recommend moving them to RAM during run time or not using as these are processing/power intensive
"../main.c", line 37: remark #2553-D: (ULP 14.1) Array index (involving "i") of type "int". Recommend using "unsigned int"
"../main.c", line 40: remark #1532-D: (ULP 5.3) Detected printf() operation(s). Recommend moving them to RAM during run time or not using as these are processing/power intensive
"../main.c", line 41: remark #2553-D: (ULP 14.1) Array index (involving "i") of type "int". Recommend using "unsigned int"
"../main.c", line 46: remark #1532-D: (ULP 5.3) Detected printf() operation(s). Recommend moving them to RAM during run time or not using as these are processing/power intensive
"../main.c", line 47: remark #1532-D: (ULP 5.3) Detected printf() operation(s). Recommend moving them to RAM during run time or not using as these are processing/power intensive
"../main.c", line 37: remark #2553-D: (ULP 14.1) Array index (involving "i") of type "int". Recommend using "unsigned int"
"../main.c", line 41: remark #2553-D: (ULP 14.1) Array index (involving "i") of type "int". Recommend using "unsigned int"
Finished building: ../main.c
 
Building target: MicroProject.out
Invoking: MSP430 Linker
"/Applications/ti/ccsv7/tools/compiler/ti-cgt-msp430_16.9.4.LTS/bin/cl430" -vmspx --data_model=restricted --use_hw_mpy=F5 --advice:power="all" --define=__MSP430F5529__ -g --printf_support=full --diag_warning=225 --diag_wrap=off --display_error_number --silicon_errata=CPU21 --silicon_errata=CPU22 --silicon_errata=CPU23 --silicon_errata=CPU40 -z -m"MicroProject.map" --heap_size=500 --stack_size=500 --cinit_hold_wdt=on -i"/Applications/ti/ccsv7/ccs_base/msp430/include" -i"/Applications/ti/ccsv7/ccs_base/msp430/lib/5xx_6xx_FRxx" -i"/Applications/ti/ccsv7/tools/compiler/ti-cgt-msp430_16.9.4.LTS/lib" -i"/Applications/ti/ccsv7/tools/compiler/ti-cgt-msp430_16.9.4.LTS/include" --reread_libs --diag_wrap=off --display_error_number --warn_sections --xml_link_info="MicroProject_linkInfo.xml" --use_hw_mpy=F5 --rom_model -o "MicroProject.out" "./main.obj" "../lnk_msp430f5529.cmd"  -llibmath.a -llibc.a 
<Linking>
remark #10371-D: (ULP 1.1) Detected no uses of low power mode state changing instructions
remark #10372-D: (ULP 4.1) Detected uninitialized Port A in this project. Recommend initializing all unused ports to eliminate wasted current consumption on unused pins.
remark #10372-D: (ULP 4.1) Detected uninitialized Port B in this project. Recommend initializing all unused ports to eliminate wasted current consumption on unused pins.
remark #10372-D: (ULP 4.1) Detected uninitialized Port C in this project. Recommend initializing all unused ports to eliminate wasted current consumption on unused pins.
remark #10372-D: (ULP 4.1) Detected uninitialized Port D in this project. Recommend initializing all unused ports to eliminate wasted current consumption on unused pins.
Finished building target: MicroProject.out
 

**** Build Finished ****

**** Build of configuration Debug for project MicroProject ****

/Applications/ti/ccsv7/utils/bin/gmake -k -j 7 all -O 
Building file: ../main.c
Invoking: MSP430 Compiler
"/Applications/ti/ccsv7/tools/compiler/ti-cgt-msp430_16.9.4.LTS/bin/cl430" -vmspx --data_model=restricted --use_hw_mpy=F5 --include_path="/Applications/ti/ccsv7/ccs_base/msp430/include" --include_path="/Users/darpa/Documents/Development/MicroProject/MicroProject" --include_path="/Applications/ti/ccsv7/tools/compiler/ti-cgt-msp430_16.9.4.LTS/include" --advice:power="all" --define=__MSP430F5529__ -g --printf_support=full --diag_warning=225 --diag_wrap=off --display_error_number --silicon_errata=CPU21 --silicon_errata=CPU22 --silicon_errata=CPU23 --silicon_errata=CPU40 --preproc_with_compile --preproc_dependency="main.d_raw"  "../main.c"

>> Compilation failure
subdir_rules.mk:7: recipe for target 'main.obj' failed
"../main.c", line 9: warning #225-D: function "Integer" declared implicitly
"../main.c", line 47: error #29: expected an expression
"../main.c", line 54: warning #994-D: missing return statement at end of non-void function "Integer"
"../main.c", line 25: remark #1532-D: (ULP 5.3) Detected printf() operation(s). Recommend moving them to RAM during run time or not using as these are processing/power intensive
"../main.c", line 28: remark #1532-D: (ULP 5.3) Detected printf() operation(s). Recommend moving them to RAM during run time or not using as these are processing/power intensive
"../main.c", line 36: remark #1532-D: (ULP 5.3) Detected printf() operation(s). Recommend moving them to RAM during run time or not using as these are processing/power intensive
"../main.c", line 37: remark #2553-D: (ULP 14.1) Array index (involving "i") of type "int". Recommend using "unsigned int"
"../main.c", line 40: remark #1532-D: (ULP 5.3) Detected printf() operation(s). Recommend moving them to RAM during run time or not using as these are processing/power intensive
"../main.c", line 41: remark #2553-D: (ULP 14.1) Array index (involving "i") of type "int". Recommend using "unsigned int"
"../main.c", line 46: remark #1532-D: (ULP 5.3) Detected printf() operation(s). Recommend moving them to RAM during run time or not using as these are processing/power intensive
"../main.c", line 47: remark #1532-D: (ULP 5.3) Detected printf() operation(s). Recommend moving them to RAM during run time or not using as these are processing/power intensive
"../main.c", line 37: remark #2553-D: (ULP 14.1) Array index (involving "i") of type "int". Recommend using "unsigned int"
"../main.c", line 41: remark #2553-D: (ULP 14.1) Array index (involving "i") of type "int". Recommend using "unsigned int"
1 error detected in the compilation of "../main.c".
gmake: *** [main.obj] Error 1
gmake: Target 'all' not remade because of errors.

**** Build Finished ****

**** Build of configuration Debug for project MicroProject ****

/Applications/ti/ccsv7/utils/bin/gmake -k -j 7 all -O 
Building file: ../main.c
Invoking: MSP430 Compiler
"/Applications/ti/ccsv7/tools/compiler/ti-cgt-msp430_16.9.4.LTS/bin/cl430" -vmspx --data_model=restricted --use_hw_mpy=F5 --include_path="/Applications/ti/ccsv7/ccs_base/msp430/include" --include_path="/Users/darpa/Documents/Development/MicroProject/MicroProject" --include_path="/Applications/ti/ccsv7/tools/compiler/ti-cgt-msp430_16.9.4.LTS/include" --advice:power="all" --define=__MSP430F5529__ -g --printf_support=full --diag_warning=225 --diag_wrap=off --display_error_number --silicon_errata=CPU21 --silicon_errata=CPU22 --silicon_errata=CPU23 --silicon_errata=CPU40 --preproc_with_compile --preproc_dependency="main.d_raw"  "../main.c"

>> Compilation failure
subdir_rules.mk:7: recipe for target 'main.obj' failed
"../main.c", line 9: warning #225-D: function "Integer" declared implicitly
"../main.c", line 48: error #20: identifier "a" is undefined
"../main.c", line 48: error #20: identifier "i" is undefined
"../main.c", line 58: warning #994-D: missing return statement at end of non-void function "Integer"
"../main.c", line 25: remark #1532-D: (ULP 5.3) Detected printf() operation(s). Recommend moving them to RAM during run time or not using as these are processing/power intensive
"../main.c", line 28: remark #1532-D: (ULP 5.3) Detected printf() operation(s). Recommend moving them to RAM during run time or not using as these are processing/power intensive
"../main.c", line 36: remark #1532-D: (ULP 5.3) Detected printf() operation(s). Recommend moving them to RAM during run time or not using as these are processing/power intensive
"../main.c", line 37: remark #2553-D: (ULP 14.1) Array index (involving "i") of type "int". Recommend using "unsigned int"
"../main.c", line 40: remark #1532-D: (ULP 5.3) Detected printf() operation(s). Recommend moving them to RAM during run time or not using as these are processing/power intensive
"../main.c", line 41: remark #2553-D: (ULP 14.1) Array index (involving "i") of type "int". Recommend using "unsigned int"
"../main.c", line 46: remark #1532-D: (ULP 5.3) Detected printf() operation(s). Recommend moving them to RAM during run time or not using as these are processing/power intensive
"../main.c", line 49: remark #1532-D: (ULP 5.3) Detected printf() operation(s). Recommend moving them to RAM during run time or not using as these are processing/power intensive
"../main.c", line 37: remark #2553-D: (ULP 14.1) Array index (involving "i") of type "int". Recommend using "unsigned int"
"../main.c", line 41: remark #2553-D: (ULP 14.1) Array index (involving "i") of type "int". Recommend using "unsigned int"
2 errors detected in the compilation of "../main.c".
gmake: *** [main.obj] Error 1
gmake: Target 'all' not remade because of errors.

**** Build Finished ****

**** Build of configuration Debug for project MicroProject ****

/Applications/ti/ccsv7/utils/bin/gmake -k -j 7 all -O 
Building file: ../main.c
Invoking: MSP430 Compiler
"/Applications/ti/ccsv7/tools/compiler/ti-cgt-msp430_16.9.4.LTS/bin/cl430" -vmspx --data_model=restricted --use_hw_mpy=F5 --include_path="/Applications/ti/ccsv7/ccs_base/msp430/include" --include_path="/Users/darpa/Documents/Development/MicroProject/MicroProject" --include_path="/Applications/ti/ccsv7/tools/compiler/ti-cgt-msp430_16.9.4.LTS/include" --advice:power="all" --define=__MSP430F5529__ -g --printf_support=full --diag_warning=225 --diag_wrap=off --display_error_number --silicon_errata=CPU21 --silicon_errata=CPU22 --silicon_errata=CPU23 --silicon_errata=CPU40 --preproc_with_compile --preproc_dependency="main.d_raw"  "../main.c"

>> Compilation failure
subdir_rules.mk:7: recipe for target 'main.obj' failed
"../main.c", line 9: warning #225-D: function "Integer" declared implicitly
"../main.c", line 48: error #20: identifier "i" is undefined
"../main.c", line 58: warning #994-D: missing return statement at end of non-void function "Integer"
"../main.c", line 25: remark #1532-D: (ULP 5.3) Detected printf() operation(s). Recommend moving them to RAM during run time or not using as these are processing/power intensive
"../main.c", line 28: remark #1532-D: (ULP 5.3) Detected printf() operation(s). Recommend moving them to RAM during run time or not using as these are processing/power intensive
"../main.c", line 36: remark #1532-D: (ULP 5.3) Detected printf() operation(s). Recommend moving them to RAM during run time or not using as these are processing/power intensive
"../main.c", line 37: remark #2553-D: (ULP 14.1) Array index (involving "i") of type "int". Recommend using "unsigned int"
"../main.c", line 40: remark #1532-D: (ULP 5.3) Detected printf() operation(s). Recommend moving them to RAM during run time or not using as these are processing/power intensive
"../main.c", line 41: remark #2553-D: (ULP 14.1) Array index (involving "i") of type "int". Recommend using "unsigned int"
"../main.c", line 46: remark #1532-D: (ULP 5.3) Detected printf() operation(s). Recommend moving them to RAM during run time or not using as these are processing/power intensive
"../main.c", line 48: remark #1544-D: (ULP 13.1) Detected loop counting up. Recommend loops count down as detecting zeros is easier
"../main.c", line 49: remark #1532-D: (ULP 5.3) Detected printf() operation(s). Recommend moving them to RAM during run time or not using as these are processing/power intensive
"../main.c", line 49: remark #2553-D: (ULP 14.1) Array index (involving "a") of type "int". Recommend using "unsigned int"
"../main.c", line 37: remark #2553-D: (ULP 14.1) Array index (involving "i") of type "int". Recommend using "unsigned int"
"../main.c", line 41: remark #2553-D: (ULP 14.1) Array index (involving "i") of type "int". Recommend using "unsigned int"
1 error detected in the compilation of "../main.c".
gmake: *** [main.obj] Error 1
gmake: Target 'all' not remade because of errors.

**** Build Finished ****

**** Build of configuration Debug for project MicroProject ****

/Applications/ti/ccsv7/utils/bin/gmake -k -j 7 all -O 
Building file: ../main.c
Invoking: MSP430 Compiler
"/Applications/ti/ccsv7/tools/compiler/ti-cgt-msp430_16.9.4.LTS/bin/cl430" -vmspx --data_model=restricted --use_hw_mpy=F5 --include_path="/Applications/ti/ccsv7/ccs_base/msp430/include" --include_path="/Users/darpa/Documents/Development/MicroProject/MicroProject" --include_path="/Applications/ti/ccsv7/tools/compiler/ti-cgt-msp430_16.9.4.LTS/include" --advice:power="all" --define=__MSP430F5529__ -g --printf_support=full --diag_warning=225 --diag_wrap=off --display_error_number --silicon_errata=CPU21 --silicon_errata=CPU22 --silicon_errata=CPU23 --silicon_errata=CPU40 --preproc_with_compile --preproc_dependency="main.d_raw"  "../main.c"
"../main.c", line 9: warning #225-D: function "Integer" declared implicitly
"../main.c", line 57: warning #994-D: missing return statement at end of non-void function "Integer"
"../main.c", line 21: warning #179-D: variable "a" was declared but never referenced
"../main.c", line 25: remark #1532-D: (ULP 5.3) Detected printf() operation(s). Recommend moving them to RAM during run time or not using as these are processing/power intensive
"../main.c", line 28: remark #1532-D: (ULP 5.3) Detected printf() operation(s). Recommend moving them to RAM during run time or not using as these are processing/power intensive
"../main.c", line 36: remark #1532-D: (ULP 5.3) Detected printf() operation(s). Recommend moving them to RAM during run time or not using as these are processing/power intensive
"../main.c", line 37: remark #2553-D: (ULP 14.1) Array index (involving "i") of type "int". Recommend using "unsigned int"
"../main.c", line 40: remark #1532-D: (ULP 5.3) Detected printf() operation(s). Recommend moving them to RAM during run time or not using as these are processing/power intensive
"../main.c", line 41: remark #2553-D: (ULP 14.1) Array index (involving "i") of type "int". Recommend using "unsigned int"
"../main.c", line 44: remark #1532-D: (ULP 5.3) Detected printf() operation(s). Recommend moving them to RAM during run time or not using as these are processing/power intensive
"../main.c", line 44: remark #2553-D: (ULP 14.1) Array index (involving "i") of type "int". Recommend using "unsigned int"
"../main.c", line 47: remark #1532-D: (ULP 5.3) Detected printf() operation(s). Recommend moving them to RAM during run time or not using as these are processing/power intensive
"../main.c", line 37: remark #2553-D: (ULP 14.1) Array index (involving "i") of type "int". Recommend using "unsigned int"
"../main.c", line 41: remark #2553-D: (ULP 14.1) Array index (involving "i") of type "int". Recommend using "unsigned int"
"../main.c", line 44: remark #2553-D: (ULP 14.1) Array index (involving "i") of type "int". Recommend using "unsigned int"
Finished building: ../main.c
 
Building target: MicroProject.out
Invoking: MSP430 Linker
"/Applications/ti/ccsv7/tools/compiler/ti-cgt-msp430_16.9.4.LTS/bin/cl430" -vmspx --data_model=restricted --use_hw_mpy=F5 --advice:power="all" --define=__MSP430F5529__ -g --printf_support=full --diag_warning=225 --diag_wrap=off --display_error_number --silicon_errata=CPU21 --silicon_errata=CPU22 --silicon_errata=CPU23 --silicon_errata=CPU40 -z -m"MicroProject.map" --heap_size=500 --stack_size=500 --cinit_hold_wdt=on -i"/Applications/ti/ccsv7/ccs_base/msp430/include" -i"/Applications/ti/ccsv7/ccs_base/msp430/lib/5xx_6xx_FRxx" -i"/Applications/ti/ccsv7/tools/compiler/ti-cgt-msp430_16.9.4.LTS/lib" -i"/Applications/ti/ccsv7/tools/compiler/ti-cgt-msp430_16.9.4.LTS/include" --reread_libs --diag_wrap=off --display_error_number --warn_sections --xml_link_info="MicroProject_linkInfo.xml" --use_hw_mpy=F5 --rom_model -o "MicroProject.out" "./main.obj" "../lnk_msp430f5529.cmd"  -llibmath.a -llibc.a 
<Linking>
remark #10371-D: (ULP 1.1) Detected no uses of low power mode state changing instructions
remark #10372-D: (ULP 4.1) Detected uninitialized Port A in this project. Recommend initializing all unused ports to eliminate wasted current consumption on unused pins.
remark #10372-D: (ULP 4.1) Detected uninitialized Port B in this project. Recommend initializing all unused ports to eliminate wasted current consumption on unused pins.
remark #10372-D: (ULP 4.1) Detected uninitialized Port C in this project. Recommend initializing all unused ports to eliminate wasted current consumption on unused pins.
remark #10372-D: (ULP 4.1) Detected uninitialized Port D in this project. Recommend initializing all unused ports to eliminate wasted current consumption on unused pins.
Finished building target: MicroProject.out
 

**** Build Finished ****

**** Build of configuration Debug for project MicroProject ****

/Applications/ti/ccsv7/utils/bin/gmake -k -j 7 all -O 
Building file: ../main.c
Invoking: MSP430 Compiler
"/Applications/ti/ccsv7/tools/compiler/ti-cgt-msp430_16.9.4.LTS/bin/cl430" -vmspx --data_model=restricted --use_hw_mpy=F5 --include_path="/Applications/ti/ccsv7/ccs_base/msp430/include" --include_path="/Users/darpa/Documents/Development/MicroProject/MicroProject" --include_path="/Applications/ti/ccsv7/tools/compiler/ti-cgt-msp430_16.9.4.LTS/include" --advice:power="all" --define=__MSP430F5529__ -g --printf_support=full --diag_warning=225 --diag_wrap=off --display_error_number --silicon_errata=CPU21 --silicon_errata=CPU22 --silicon_errata=CPU23 --silicon_errata=CPU40 --preproc_with_compile --preproc_dependency="main.d_raw"  "../main.c"
"../main.c", line 9: warning #225-D: function "Integer" declared implicitly
"../main.c", line 58: warning #994-D: missing return statement at end of non-void function "Integer"
"../main.c", line 21: warning #179-D: variable "a" was declared but never referenced
"../main.c", line 25: remark #1532-D: (ULP 5.3) Detected printf() operation(s). Recommend moving them to RAM during run time or not using as these are processing/power intensive
"../main.c", line 28: remark #1532-D: (ULP 5.3) Detected printf() operation(s). Recommend moving them to RAM during run time or not using as these are processing/power intensive
"../main.c", line 36: remark #1532-D: (ULP 5.3) Detected printf() operation(s). Recommend moving them to RAM during run time or not using as these are processing/power intensive
"../main.c", line 37: remark #2553-D: (ULP 14.1) Array index (involving "i") of type "int". Recommend using "unsigned int"
"../main.c", line 40: remark #1532-D: (ULP 5.3) Detected printf() operation(s). Recommend moving them to RAM during run time or not using as these are processing/power intensive
"../main.c", line 41: remark #2553-D: (ULP 14.1) Array index (involving "i") of type "int". Recommend using "unsigned int"
"../main.c", line 44: remark #1532-D: (ULP 5.3) Detected printf() operation(s). Recommend moving them to RAM during run time or not using as these are processing/power intensive
"../main.c", line 44: remark #2553-D: (ULP 14.1) Array index (involving "i") of type "int". Recommend using "unsigned int"
"../main.c", line 45: remark #1532-D: (ULP 5.3) Detected printf() operation(s). Recommend moving them to RAM during run time or not using as these are processing/power intensive
"../main.c", line 48: remark #1532-D: (ULP 5.3) Detected printf() operation(s). Recommend moving them to RAM during run time or not using as these are processing/power intensive
"../main.c", line 37: remark #2553-D: (ULP 14.1) Array index (involving "i") of type "int". Recommend using "unsigned int"
"../main.c", line 41: remark #2553-D: (ULP 14.1) Array index (involving "i") of type "int". Recommend using "unsigned int"
"../main.c", line 44: remark #2553-D: (ULP 14.1) Array index (involving "i") of type "int". Recommend using "unsigned int"
Finished building: ../main.c
 
Building target: MicroProject.out
Invoking: MSP430 Linker
"/Applications/ti/ccsv7/tools/compiler/ti-cgt-msp430_16.9.4.LTS/bin/cl430" -vmspx --data_model=restricted --use_hw_mpy=F5 --advice:power="all" --define=__MSP430F5529__ -g --printf_support=full --diag_warning=225 --diag_wrap=off --display_error_number --silicon_errata=CPU21 --silicon_errata=CPU22 --silicon_errata=CPU23 --silicon_errata=CPU40 -z -m"MicroProject.map" --heap_size=500 --stack_size=500 --cinit_hold_wdt=on -i"/Applications/ti/ccsv7/ccs_base/msp430/include" -i"/Applications/ti/ccsv7/ccs_base/msp430/lib/5xx_6xx_FRxx" -i"/Applications/ti/ccsv7/tools/compiler/ti-cgt-msp430_16.9.4.LTS/lib" -i"/Applications/ti/ccsv7/tools/compiler/ti-cgt-msp430_16.9.4.LTS/include" --reread_libs --diag_wrap=off --display_error_number --warn_sections --xml_link_info="MicroProject_linkInfo.xml" --use_hw_mpy=F5 --rom_model -o "MicroProject.out" "./main.obj" "../lnk_msp430f5529.cmd"  -llibmath.a -llibc.a 
<Linking>
remark #10371-D: (ULP 1.1) Detected no uses of low power mode state changing instructions
remark #10372-D: (ULP 4.1) Detected uninitialized Port A in this project. Recommend initializing all unused ports to eliminate wasted current consumption on unused pins.
remark #10372-D: (ULP 4.1) Detected uninitialized Port B in this project. Recommend initializing all unused ports to eliminate wasted current consumption on unused pins.
remark #10372-D: (ULP 4.1) Detected uninitialized Port C in this project. Recommend initializing all unused ports to eliminate wasted current consumption on unused pins.
remark #10372-D: (ULP 4.1) Detected uninitialized Port D in this project. Recommend initializing all unused ports to eliminate wasted current consumption on unused pins.
Finished building target: MicroProject.out
 

**** Build Finished ****
